mode: set
rsc.io/gaby/internal/storage/timed/timed.go:89.19,90.6 1 1
rsc.io/gaby/internal/storage/timed/timed.go:90.6,93.15 3 1
rsc.io/gaby/internal/storage/timed/timed.go:93.15,95.4 1 1
rsc.io/gaby/internal/storage/timed/timed.go:96.3,96.38 1 1
rsc.io/gaby/internal/storage/timed/timed.go:96.38,98.4 1 1
rsc.io/gaby/internal/storage/timed/timed.go:112.72,115.33 3 1
rsc.io/gaby/internal/storage/timed/timed.go:115.33,117.61 2 1
rsc.io/gaby/internal/storage/timed/timed.go:117.61,120.4 1 0
rsc.io/gaby/internal/storage/timed/timed.go:121.3,121.64 1 1
rsc.io/gaby/internal/storage/timed/timed.go:123.2,124.55 2 1
rsc.io/gaby/internal/storage/timed/timed.go:128.70,131.9 3 1
rsc.io/gaby/internal/storage/timed/timed.go:131.9,133.3 1 1
rsc.io/gaby/internal/storage/timed/timed.go:134.2,135.58 2 1
rsc.io/gaby/internal/storage/timed/timed.go:135.58,138.3 1 0
rsc.io/gaby/internal/storage/timed/timed.go:139.2,140.60 2 1
rsc.io/gaby/internal/storage/timed/timed.go:144.65,147.9 3 1
rsc.io/gaby/internal/storage/timed/timed.go:147.9,149.3 1 1
rsc.io/gaby/internal/storage/timed/timed.go:150.2,152.16 3 1
rsc.io/gaby/internal/storage/timed/timed.go:152.16,155.3 1 0
rsc.io/gaby/internal/storage/timed/timed.go:156.2,156.48 1 1
rsc.io/gaby/internal/storage/timed/timed.go:160.75,163.39 3 1
rsc.io/gaby/internal/storage/timed/timed.go:163.39,164.50 1 1
rsc.io/gaby/internal/storage/timed/timed.go:164.50,167.18 3 1
rsc.io/gaby/internal/storage/timed/timed.go:167.18,170.5 1 0
rsc.io/gaby/internal/storage/timed/timed.go:171.4,173.18 3 1
rsc.io/gaby/internal/storage/timed/timed.go:173.18,176.5 1 0
rsc.io/gaby/internal/storage/timed/timed.go:177.4,177.49 1 1
rsc.io/gaby/internal/storage/timed/timed.go:177.49,179.5 1 1
rsc.io/gaby/internal/storage/timed/timed.go:191.82,192.44 1 1
rsc.io/gaby/internal/storage/timed/timed.go:192.44,196.3 3 1
rsc.io/gaby/internal/storage/timed/timed.go:203.101,204.39 1 1
rsc.io/gaby/internal/storage/timed/timed.go:204.39,206.44 2 1
rsc.io/gaby/internal/storage/timed/timed.go:206.44,209.18 3 1
rsc.io/gaby/internal/storage/timed/timed.go:209.18,212.5 1 0
rsc.io/gaby/internal/storage/timed/timed.go:213.4,213.37 1 1
rsc.io/gaby/internal/storage/timed/timed.go:213.37,214.13 1 1
rsc.io/gaby/internal/storage/timed/timed.go:216.4,218.11 3 1
rsc.io/gaby/internal/storage/timed/timed.go:218.11,222.13 1 1
rsc.io/gaby/internal/storage/timed/timed.go:224.4,226.18 3 1
rsc.io/gaby/internal/storage/timed/timed.go:226.18,229.5 1 0
rsc.io/gaby/internal/storage/timed/timed.go:230.4,230.14 1 1
rsc.io/gaby/internal/storage/timed/timed.go:230.14,236.13 1 1
rsc.io/gaby/internal/storage/timed/timed.go:238.4,238.14 1 1
rsc.io/gaby/internal/storage/timed/timed.go:238.14,242.5 1 0
rsc.io/gaby/internal/storage/timed/timed.go:243.4,243.49 1 1
rsc.io/gaby/internal/storage/timed/timed.go:243.49,245.5 1 1
rsc.io/gaby/internal/storage/timed/timed.go:283.93,290.2 1 1
rsc.io/gaby/internal/storage/timed/timed.go:292.29,293.21 1 1
rsc.io/gaby/internal/storage/timed/timed.go:293.21,295.3 1 1
rsc.io/gaby/internal/storage/timed/timed.go:296.2,297.22 2 1
rsc.io/gaby/internal/storage/timed/timed.go:300.31,301.22 1 1
rsc.io/gaby/internal/storage/timed/timed.go:301.22,303.3 1 1
rsc.io/gaby/internal/storage/timed/timed.go:304.2,305.23 2 1
rsc.io/gaby/internal/storage/timed/timed.go:308.38,309.22 1 1
rsc.io/gaby/internal/storage/timed/timed.go:309.22,312.3 1 0
rsc.io/gaby/internal/storage/timed/timed.go:313.2,314.38 2 1
rsc.io/gaby/internal/storage/timed/timed.go:314.38,315.50 1 1
rsc.io/gaby/internal/storage/timed/timed.go:315.50,318.4 1 0
rsc.io/gaby/internal/storage/timed/timed.go:320.2,320.18 1 1
rsc.io/gaby/internal/storage/timed/timed.go:339.43,340.34 1 1
rsc.io/gaby/internal/storage/timed/timed.go:340.34,342.16 2 1
rsc.io/gaby/internal/storage/timed/timed.go:342.16,345.4 2 1
rsc.io/gaby/internal/storage/timed/timed.go:347.3,347.59 1 1
rsc.io/gaby/internal/storage/timed/timed.go:347.59,348.27 1 1
rsc.io/gaby/internal/storage/timed/timed.go:348.27,350.5 1 1
rsc.io/gaby/internal/storage/timed/timed.go:359.32,364.2 3 1
rsc.io/gaby/internal/storage/timed/timed.go:380.40,381.22 1 1
rsc.io/gaby/internal/storage/timed/timed.go:381.22,383.3 1 1
rsc.io/gaby/internal/storage/timed/timed.go:384.2,384.21 1 1
rsc.io/gaby/internal/storage/timed/timed.go:384.21,386.3 1 1
rsc.io/gaby/internal/storage/timed/timed.go:387.2,387.44 1 1
rsc.io/gaby/internal/storage/timed/timed.go:393.30,395.2 1 1
